
Showing logs for build [32mjenkins-x-labs-bot-bdd-gh-15860-kgft9-1[0m stage [32mfrom-build-pack[0m and container [32mstep-credential-initializer-f9kxd[0m
{"level":"warn","ts":1586065661.6463068,"logger":"fallback-logger","caller":"logging/config.go:69","msg":"Fetch GitHub commit ID from kodata failed: \"ref: refs/heads/0.8.0-**-support-backwards-incompats\" is not a valid GitHub commit ID"}
{"level":"info","ts":1586065661.6466382,"logger":"fallback-logger","caller":"creds-init/main.go:40","msg":"Credentials initialized."}

Showing logs for build [32mjenkins-x-labs-bot-bdd-gh-15860-kgft9-1[0m stage [32mfrom-build-pack[0m and container [32mstep-working-dir-initializer-x2gcf[0m
{"level":"warn","ts":1586065662.1398504,"logger":"fallback-logger","caller":"logging/config.go:69","msg":"Fetch GitHub commit ID from kodata failed: open /var/run/ko/HEAD: no such file or directory"}
{"level":"info","ts":1586065662.1667078,"logger":"fallback-logger","caller":"bash/main.go:64","msg":"Successfully executed command \"sh -c mkdir -p /workspace/source\"; output "}

Showing logs for build [32mjenkins-x-labs-bot-bdd-gh-15860-kgft9-1[0m stage [32mfrom-build-pack[0m and container [32mstep-place-tools[0m

Showing logs for build [32mjenkins-x-labs-bot-bdd-gh-15860-kgft9-1[0m stage [32mfrom-build-pack[0m and container [32mstep-git-source-jenkins-x-labs-bot-bdd-gh-15860-kgft9-h27pm[0m
{"level":"warn","ts":1586065733.6935215,"logger":"fallback-logger","caller":"logging/config.go:69","msg":"Fetch GitHub commit ID from kodata failed: \"ref: refs/heads/0.8.0-**-support-backwards-incompats\" is not a valid GitHub commit ID"}
{"level":"info","ts":1586065734.7337608,"logger":"fallback-logger","caller":"git/git.go:103","msg":"Successfully cloned https://github.com/******************/bdd-gh-1586065533.git @ v0.0.1 in path /workspace/source"}

Showing logs for build [32mjenkins-x-labs-bot-bdd-gh-15860-kgft9-1[0m stage [32mfrom-build-pack[0m and container [32mstep-git-merge[0m
Using SHAs from PULL_REFS=master:
WARNING: no SHAs to merge, falling back to initial cloned commit

Showing logs for build [32mjenkins-x-labs-bot-bdd-gh-15860-kgft9-1[0m stage [32mfrom-build-pack[0m and container [32mstep-setup-jx-git-credentials[0m
Generated Git credentials file /workspace/xdg_config/git/credentials

Showing logs for build [32mjenkins-x-labs-bot-bdd-gh-15860-kgft9-1[0m stage [32mfrom-build-pack[0m and container [32mstep-build-make-build[0m
CGO_ENABLED=0 GO15VENDOREXPERIMENT=1 go build -ldflags '' -o bin/bdd-gh-1586065533 main.go

Showing logs for build [32mjenkins-x-labs-bot-bdd-gh-15860-kgft9-1[0m stage [32mfrom-build-pack[0m and container [32mstep-build-container-build[0m
ERROR: logging before flag.Parse: E0405 05:49:06.159719      11 metadata.go:241] Failed to unmarshal scopes: invalid character 'h' looking for beginning of value
[36mINFO[0m[0000] No base image, nothing to extract            
[36mINFO[0m[0000] cmd: EXPOSE                                  
[36mINFO[0m[0000] Adding exposed port: 8080/tcp                
[36mINFO[0m[0000] Using files from context: [/workspace/source/bin] 
[36mINFO[0m[0000] Skipping unpacking as no commands require it. 
[36mINFO[0m[0000] Taking snapshot of full filesystem...        
[36mINFO[0m[0000] EXPOSE 8080                                  
[36mINFO[0m[0000] cmd: EXPOSE                                  
[36mINFO[0m[0000] Adding exposed port: 8080/tcp                
[36mINFO[0m[0000] No files changed in this command, skipping snapshotting. 
[36mINFO[0m[0000] ENTRYPOINT ["/bdd-gh-1586065533"]            
[36mINFO[0m[0000] No files changed in this command, skipping snapshotting. 
[36mINFO[0m[0000] Using files from context: [/workspace/source/bin] 
[36mINFO[0m[0000] COPY ./bin/ /                                
[36mINFO[0m[0000] Taking snapshot of files...                  
2020/04/05 05:49:09 pushed blob: sha256:06ce22574284625a327713ed5b26ea8b5d4e225a9fe36818e21c2036792ce587
2020/04/05 05:49:10 pushed blob: sha256:15c6f4ed7392f5c542b4ff0baf93a90c730a2b690c8d63b4662a4908a735c558
2020/04/05 05:49:11 gcr.io/jenkins-x-labs-bdd/bdd-gh-1586065533:0.0.1: digest: sha256:3f759b7e72213ad956380c150da86b3c77cda12f60335ae070c0a743257f1d06 size: 428

Showing logs for build [32mjenkins-x-labs-bot-bdd-gh-15860-kgft9-1[0m stage [32mfrom-build-pack[0m and container [32mstep-build-post-build[0m
no CVE provider running in the current ** namespace so skip adding image to be analysed

Showing logs for build [32mjenkins-x-labs-bot-bdd-gh-15860-kgft9-1[0m stage [32mfrom-build-pack[0m and container [32mstep-promote-changelog[0m
Converted /workspace/source/charts/bdd-gh-1586065533 to an unshallow repository
Generating change log from git ref c0780056d164903fd2f704db6681cc11390f2da8 => a56bfc22cb5df4bc4887d7e60550a6fb76b3c7c5
Associating user x-0 in users.jenkins.io with email jenkins-x@googlegroups.com to git GitProvider user with login -0 as emails match
Adding label jenkins.io/git-github-userid=-0 to user x-0 in users.jenkins.io
WARNING: Failed to enrich commit cf3c17429911839e2b0a20ed5139d93a2831070a with issues: User.jenkins.io "x-0" is invalid: metadata.labels: Invalid value: "-0": a valid label must be an empty string or consist of alphanumeric characters, '-', '_' or '.', and must start and end with an alphanumeric character (e.g. 'MyValue',  or 'my_value',  or '12345', regex used for validation is '(([A-Za-z0-9][-A-Za-z0-9_.]*)?[A-Za-z0-9])?')
Finding issues in commit messages using git format
WARNING: No release found for ******************/bdd-gh-1586065533 and tag v0.0.1 so creating a new release
Updated the release information at https://github.com/******************/bdd-gh-1586065533/releases/tag/v0.0.1
generated: /workspace/source/charts/bdd-gh-1586065533/templates/release.yaml
Created Release bdd-gh-1586065533-0-0-1 resource in namespace **
Updating PipelineActivity ******************-bdd-gh-1586065533-master-1 with version 0.0.1
Updated PipelineActivities ******************-bdd-gh-1586065533-master-1 with release notes URL: https://github.com/******************/bdd-gh-1586065533/releases/tag/v0.0.1

Showing logs for build [32mjenkins-x-labs-bot-bdd-gh-15860-kgft9-1[0m stage [32mfrom-build-pack[0m and container [32mstep-promote-helm-release[0m
WARNING: No $CHART_REPOSITORY defined so using the default value of: http://jenkins-x-chartmuseum:8080
Adding missing Helm repo: storage.googleapis.com https://storage.googleapis.com/chartmuseum.jenkins-x.io
Successfully added Helm repository storage.googleapis.com.
Adding missing Helm repo: jenkins-x-chartmuseum http://jenkins-x-chartmuseum:8080
Successfully added Helm repository jenkins-x-chartmuseum.
WARNING: No $CHART_REPOSITORY defined so using the default value of: http://jenkins-x-chartmuseum:8080
Uploading chart file bdd-gh-1586065533-0.0.1.tgz to http://jenkins-x-chartmuseum:8080/api/charts
Received 201 response: {"saved":true}

Showing logs for build [32mjenkins-x-labs-bot-bdd-gh-15860-kgft9-1[0m stage [32mfrom-build-pack[0m and container [32mstep-promote-jx-promote[0m
WARNING: prow based install so skip waiting for the merge of Pull Requests to go green as currently there is an issue with gettingstatuses from the PR, see https://github.com/jenkins-x/**/issues/2410
WARNING: No $CHART_REPOSITORY defined so using the default value of: http://jenkins-x-chartmuseum:8080
Promoting app bdd-gh-1586065533 version 0.0.1 to namespace **-staging
WARNING: 
Created Pull Request: https://github.com/******************/environment-pr-64-2-bdd-vault-staging/pull/1
Added label updatebot to Pull Request https://github.com/******************/environment-pr-64-2-bdd-vault-staging/pull/1
got git provider status pending from PR https://github.com/******************/environment-pr-64-2-bdd-vault-staging/pull/1
got git provider status pending from PR https://github.com/******************/environment-pr-64-2-bdd-vault-staging/pull/1
got git provider status pending from PR https://github.com/******************/environment-pr-64-2-bdd-vault-staging/pull/1
got git provider status pending from PR https://github.com/******************/environment-pr-64-2-bdd-vault-staging/pull/1
got git provider status pending from PR https://github.com/******************/environment-pr-64-2-bdd-vault-staging/pull/1
got git provider status pending from PR https://github.com/******************/environment-pr-64-2-bdd-vault-staging/pull/1
got git provider status pending from PR https://github.com/******************/environment-pr-64-2-bdd-vault-staging/pull/1
got git provider status pending from PR https://github.com/******************/environment-pr-64-2-bdd-vault-staging/pull/1
got git provider status pending from PR https://github.com/******************/environment-pr-64-2-bdd-vault-staging/pull/1
got git provider status pending from PR https://github.com/******************/environment-pr-64-2-bdd-vault-staging/pull/1
got git provider status pending from PR https://github.com/******************/environment-pr-64-2-bdd-vault-staging/pull/1
got git provider status pending from PR https://github.com/******************/environment-pr-64-2-bdd-vault-staging/pull/1
got git provider status pending from PR https://github.com/******************/environment-pr-64-2-bdd-vault-staging/pull/1
got git provider status pending from PR https://github.com/******************/environment-pr-64-2-bdd-vault-staging/pull/1
got git provider status pending from PR https://github.com/******************/environment-pr-64-2-bdd-vault-staging/pull/1
got git provider status pending from PR https://github.com/******************/environment-pr-64-2-bdd-vault-staging/pull/1
got git provider status pending from PR https://github.com/******************/environment-pr-64-2-bdd-vault-staging/pull/1
got git provider status pending from PR https://github.com/******************/environment-pr-64-2-bdd-vault-staging/pull/1
got git provider status pending from PR https://github.com/******************/environment-pr-64-2-bdd-vault-staging/pull/1
got git provider status pending from PR https://github.com/******************/environment-pr-64-2-bdd-vault-staging/pull/1
got git provider status pending from PR https://github.com/******************/environment-pr-64-2-bdd-vault-staging/pull/1
got git provider status pending from PR https://github.com/******************/environment-pr-64-2-bdd-vault-staging/pull/1
got git provider status pending from PR https://github.com/******************/environment-pr-64-2-bdd-vault-staging/pull/1
got git provider status pending from PR https://github.com/******************/environment-pr-64-2-bdd-vault-staging/pull/1
got git provider status pending from PR https://github.com/******************/environment-pr-64-2-bdd-vault-staging/pull/1
got git provider status pending from PR https://github.com/******************/environment-pr-64-2-bdd-vault-staging/pull/1
got git provider status pending from PR https://github.com/******************/environment-pr-64-2-bdd-vault-staging/pull/1
got git provider status pending from PR https://github.com/******************/environment-pr-64-2-bdd-vault-staging/pull/1
got git provider status pending from PR https://github.com/******************/environment-pr-64-2-bdd-vault-staging/pull/1
got git provider status pending from PR https://github.com/******************/environment-pr-64-2-bdd-vault-staging/pull/1
got git provider status pending from PR https://github.com/******************/environment-pr-64-2-bdd-vault-staging/pull/1
got git provider status pending from PR https://github.com/******************/environment-pr-64-2-bdd-vault-staging/pull/1
got git provider status pending from PR https://github.com/******************/environment-pr-64-2-bdd-vault-staging/pull/1
got git provider status pending from PR https://github.com/******************/environment-pr-64-2-bdd-vault-staging/pull/1
got git provider status pending from PR https://github.com/******************/environment-pr-64-2-bdd-vault-staging/pull/1
got git provider status pending from PR https://github.com/******************/environment-pr-64-2-bdd-vault-staging/pull/1
got git provider status pending from PR https://github.com/******************/environment-pr-64-2-bdd-vault-staging/pull/1
got git provider status pending from PR https://github.com/******************/environment-pr-64-2-bdd-vault-staging/pull/1
got git provider status pending from PR https://github.com/******************/environment-pr-64-2-bdd-vault-staging/pull/1
got git provider status pending from PR https://github.com/******************/environment-pr-64-2-bdd-vault-staging/pull/1
got git provider status pending from PR https://github.com/******************/environment-pr-64-2-bdd-vault-staging/pull/1
got git provider status pending from PR https://github.com/******************/environment-pr-64-2-bdd-vault-staging/pull/1
got git provider status pending from PR https://github.com/******************/environment-pr-64-2-bdd-vault-staging/pull/1
got git provider status pending from PR https://github.com/******************/environment-pr-64-2-bdd-vault-staging/pull/1
got git provider status pending from PR https://github.com/******************/environment-pr-64-2-bdd-vault-staging/pull/1
got git provider status pending from PR https://github.com/******************/environment-pr-64-2-bdd-vault-staging/pull/1
got git provider status pending from PR https://github.com/******************/environment-pr-64-2-bdd-vault-staging/pull/1
got git provider status pending from PR https://github.com/******************/environment-pr-64-2-bdd-vault-staging/pull/1
got git provider status pending from PR https://github.com/******************/environment-pr-64-2-bdd-vault-staging/pull/1
got git provider status pending from PR https://github.com/******************/environment-pr-64-2-bdd-vault-staging/pull/1
got git provider status pending from PR https://github.com/******************/environment-pr-64-2-bdd-vault-staging/pull/1
got git provider status pending from PR https://github.com/******************/environment-pr-64-2-bdd-vault-staging/pull/1
got git provider status pending from PR https://github.com/******************/environment-pr-64-2-bdd-vault-staging/pull/1
got git provider status pending from PR https://github.com/******************/environment-pr-64-2-bdd-vault-staging/pull/1
got git provider status pending from PR https://github.com/******************/environment-pr-64-2-bdd-vault-staging/pull/1
got git provider status pending from PR https://github.com/******************/environment-pr-64-2-bdd-vault-staging/pull/1
got git provider status pending from PR https://github.com/******************/environment-pr-64-2-bdd-vault-staging/pull/1
got git provider status pending from PR https://github.com/******************/environment-pr-64-2-bdd-vault-staging/pull/1
got git provider status pending from PR https://github.com/******************/environment-pr-64-2-bdd-vault-staging/pull/1
got git provider status pending from PR https://github.com/******************/environment-pr-64-2-bdd-vault-staging/pull/1
got git provider status pending from PR https://github.com/******************/environment-pr-64-2-bdd-vault-staging/pull/1
got git provider status pending from PR https://github.com/******************/environment-pr-64-2-bdd-vault-staging/pull/1
got git provider status pending from PR https://github.com/******************/environment-pr-64-2-bdd-vault-staging/pull/1
got git provider status pending from PR https://github.com/******************/environment-pr-64-2-bdd-vault-staging/pull/1
got git provider status pending from PR https://github.com/******************/environment-pr-64-2-bdd-vault-staging/pull/1
got git provider status pending from PR https://github.com/******************/environment-pr-64-2-bdd-vault-staging/pull/1
got git provider status pending from PR https://github.com/******************/environment-pr-64-2-bdd-vault-staging/pull/1
got git provider status pending from PR https://github.com/******************/environment-pr-64-2-bdd-vault-staging/pull/1
got git provider status pending from PR https://github.com/******************/environment-pr-64-2-bdd-vault-staging/pull/1
got git provider status pending from PR https://github.com/******************/environment-pr-64-2-bdd-vault-staging/pull/1
got git provider status pending from PR https://github.com/******************/environment-pr-64-2-bdd-vault-staging/pull/1
got git provider status pending from PR https://github.com/******************/environment-pr-64-2-bdd-vault-staging/pull/1
got git provider status pending from PR https://github.com/******************/environment-pr-64-2-bdd-vault-staging/pull/1
got git provider status pending from PR https://github.com/******************/environment-pr-64-2-bdd-vault-staging/pull/1
got git provider status pending from PR https://github.com/******************/environment-pr-64-2-bdd-vault-staging/pull/1
got git provider status pending from PR https://github.com/******************/environment-pr-64-2-bdd-vault-staging/pull/1
got git provider status pending from PR https://github.com/******************/environment-pr-64-2-bdd-vault-staging/pull/1
got git provider status pending from PR https://github.com/******************/environment-pr-64-2-bdd-vault-staging/pull/1
got git provider status pending from PR https://github.com/******************/environment-pr-64-2-bdd-vault-staging/pull/1
got git provider status pending from PR https://github.com/******************/environment-pr-64-2-bdd-vault-staging/pull/1
got git provider status pending from PR https://github.com/******************/environment-pr-64-2-bdd-vault-staging/pull/1
got git provider status pending from PR https://github.com/******************/environment-pr-64-2-bdd-vault-staging/pull/1
got git provider status pending from PR https://github.com/******************/environment-pr-64-2-bdd-vault-staging/pull/1
got git provider status pending from PR https://github.com/******************/environment-pr-64-2-bdd-vault-staging/pull/1
got git provider status pending from PR https://github.com/******************/environment-pr-64-2-bdd-vault-staging/pull/1
got git provider status pending from PR https://github.com/******************/environment-pr-64-2-bdd-vault-staging/pull/1
got git provider status pending from PR https://github.com/******************/environment-pr-64-2-bdd-vault-staging/pull/1
got git provider status pending from PR https://github.com/******************/environment-pr-64-2-bdd-vault-staging/pull/1
got git provider status pending from PR https://github.com/******************/environment-pr-64-2-bdd-vault-staging/pull/1
got git provider status pending from PR https://github.com/******************/environment-pr-64-2-bdd-vault-staging/pull/1
got git provider status pending from PR https://github.com/******************/environment-pr-64-2-bdd-vault-staging/pull/1
got git provider status pending from PR https://github.com/******************/environment-pr-64-2-bdd-vault-staging/pull/1
got git provider status pending from PR https://github.com/******************/environment-pr-64-2-bdd-vault-staging/pull/1
got git provider status pending from PR https://github.com/******************/environment-pr-64-2-bdd-vault-staging/pull/1
got git provider status pending from PR https://github.com/******************/environment-pr-64-2-bdd-vault-staging/pull/1
got git provider status pending from PR https://github.com/******************/environment-pr-64-2-bdd-vault-staging/pull/1
got git provider status pending from PR https://github.com/******************/environment-pr-64-2-bdd-vault-staging/pull/1
got git provider status pending from PR https://github.com/******************/environment-pr-64-2-bdd-vault-staging/pull/1
got git provider status pending from PR https://github.com/******************/environment-pr-64-2-bdd-vault-staging/pull/1
got git provider status pending from PR https://github.com/******************/environment-pr-64-2-bdd-vault-staging/pull/1
got git provider status pending from PR https://github.com/******************/environment-pr-64-2-bdd-vault-staging/pull/1
got git provider status pending from PR https://github.com/******************/environment-pr-64-2-bdd-vault-staging/pull/1
got git provider status pending from PR https://github.com/******************/environment-pr-64-2-bdd-vault-staging/pull/1
got git provider status pending from PR https://github.com/******************/environment-pr-64-2-bdd-vault-staging/pull/1
got git provider status pending from PR https://github.com/******************/environment-pr-64-2-bdd-vault-staging/pull/1
got git provider status pending from PR https://github.com/******************/environment-pr-64-2-bdd-vault-staging/pull/1
got git provider status pending from PR https://github.com/******************/environment-pr-64-2-bdd-vault-staging/pull/1
got git provider status pending from PR https://github.com/******************/environment-pr-64-2-bdd-vault-staging/pull/1
got git provider status pending from PR https://github.com/******************/environment-pr-64-2-bdd-vault-staging/pull/1
got git provider status pending from PR https://github.com/******************/environment-pr-64-2-bdd-vault-staging/pull/1
got git provider status pending from PR https://github.com/******************/environment-pr-64-2-bdd-vault-staging/pull/1
got git provider status pending from PR https://github.com/******************/environment-pr-64-2-bdd-vault-staging/pull/1
got git provider status pending from PR https://github.com/******************/environment-pr-64-2-bdd-vault-staging/pull/1
got git provider status pending from PR https://github.com/******************/environment-pr-64-2-bdd-vault-staging/pull/1
got git provider status pending from PR https://github.com/******************/environment-pr-64-2-bdd-vault-staging/pull/1
got git provider status pending from PR https://github.com/******************/environment-pr-64-2-bdd-vault-staging/pull/1
got git provider status pending from PR https://github.com/******************/environment-pr-64-2-bdd-vault-staging/pull/1
got git provider status pending from PR https://github.com/******************/environment-pr-64-2-bdd-vault-staging/pull/1
got git provider status pending from PR https://github.com/******************/environment-pr-64-2-bdd-vault-staging/pull/1
got git provider status pending from PR https://github.com/******************/environment-pr-64-2-bdd-vault-staging/pull/1
got git provider status pending from PR https://github.com/******************/environment-pr-64-2-bdd-vault-staging/pull/1
got git provider status pending from PR https://github.com/******************/environment-pr-64-2-bdd-vault-staging/pull/1
got git provider status pending from PR https://github.com/******************/environment-pr-64-2-bdd-vault-staging/pull/1
got git provider status pending from PR https://github.com/******************/environment-pr-64-2-bdd-vault-staging/pull/1
got git provider status pending from PR https://github.com/******************/environment-pr-64-2-bdd-vault-staging/pull/1
got git provider status pending from PR https://github.com/******************/environment-pr-64-2-bdd-vault-staging/pull/1
got git provider status pending from PR https://github.com/******************/environment-pr-64-2-bdd-vault-staging/pull/1
got git provider status pending from PR https://github.com/******************/environment-pr-64-2-bdd-vault-staging/pull/1
got git provider status pending from PR https://github.com/******************/environment-pr-64-2-bdd-vault-staging/pull/1
got git provider status pending from PR https://github.com/******************/environment-pr-64-2-bdd-vault-staging/pull/1
got git provider status pending from PR https://github.com/******************/environment-pr-64-2-bdd-vault-staging/pull/1
got git provider status pending from PR https://github.com/******************/environment-pr-64-2-bdd-vault-staging/pull/1
got git provider status pending from PR https://github.com/******************/environment-pr-64-2-bdd-vault-staging/pull/1
got git provider status pending from PR https://github.com/******************/environment-pr-64-2-bdd-vault-staging/pull/1
got git provider status pending from PR https://github.com/******************/environment-pr-64-2-bdd-vault-staging/pull/1
got git provider status pending from PR https://github.com/******************/environment-pr-64-2-bdd-vault-staging/pull/1
got git provider status pending from PR https://github.com/******************/environment-pr-64-2-bdd-vault-staging/pull/1
got git provider status pending from PR https://github.com/******************/environment-pr-64-2-bdd-vault-staging/pull/1
got git provider status pending from PR https://github.com/******************/environment-pr-64-2-bdd-vault-staging/pull/1
got git provider status pending from PR https://github.com/******************/environment-pr-64-2-bdd-vault-staging/pull/1
got git provider status pending from PR https://github.com/******************/environment-pr-64-2-bdd-vault-staging/pull/1
got git provider status pending from PR https://github.com/******************/environment-pr-64-2-bdd-vault-staging/pull/1
got git provider status pending from PR https://github.com/******************/environment-pr-64-2-bdd-vault-staging/pull/1
got git provider status pending from PR https://github.com/******************/environment-pr-64-2-bdd-vault-staging/pull/1
got git provider status pending from PR https://github.com/******************/environment-pr-64-2-bdd-vault-staging/pull/1
got git provider status pending from PR https://github.com/******************/environment-pr-64-2-bdd-vault-staging/pull/1
got git provider status pending from PR https://github.com/******************/environment-pr-64-2-bdd-vault-staging/pull/1
got git provider status pending from PR https://github.com/******************/environment-pr-64-2-bdd-vault-staging/pull/1
got git provider status pending from PR https://github.com/******************/environment-pr-64-2-bdd-vault-staging/pull/1
got git provider status pending from PR https://github.com/******************/environment-pr-64-2-bdd-vault-staging/pull/1
got git provider status pending from PR https://github.com/******************/environment-pr-64-2-bdd-vault-staging/pull/1
got git provider status pending from PR https://github.com/******************/environment-pr-64-2-bdd-vault-staging/pull/1
got git provider status pending from PR https://github.com/******************/environment-pr-64-2-bdd-vault-staging/pull/1
got git provider status pending from PR https://github.com/******************/environment-pr-64-2-bdd-vault-staging/pull/1
got git provider status pending from PR https://github.com/******************/environment-pr-64-2-bdd-vault-staging/pull/1
got git provider status pending from PR https://github.com/******************/environment-pr-64-2-bdd-vault-staging/pull/1
got git provider status pending from PR https://github.com/******************/environment-pr-64-2-bdd-vault-staging/pull/1
got git provider status pending from PR https://github.com/******************/environment-pr-64-2-bdd-vault-staging/pull/1
got git provider status pending from PR https://github.com/******************/environment-pr-64-2-bdd-vault-staging/pull/1
got git provider status pending from PR https://github.com/******************/environment-pr-64-2-bdd-vault-staging/pull/1
got git provider status pending from PR https://github.com/******************/environment-pr-64-2-bdd-vault-staging/pull/1
got git provider status pending from PR https://github.com/******************/environment-pr-64-2-bdd-vault-staging/pull/1
got git provider status pending from PR https://github.com/******************/environment-pr-64-2-bdd-vault-staging/pull/1
got git provider status pending from PR https://github.com/******************/environment-pr-64-2-bdd-vault-staging/pull/1
got git provider status pending from PR https://github.com/******************/environment-pr-64-2-bdd-vault-staging/pull/1
got git provider status pending from PR https://github.com/******************/environment-pr-64-2-bdd-vault-staging/pull/1
got git provider status pending from PR https://github.com/******************/environment-pr-64-2-bdd-vault-staging/pull/1
got git provider status pending from PR https://github.com/******************/environment-pr-64-2-bdd-vault-staging/pull/1
got git provider status pending from PR https://github.com/******************/environment-pr-64-2-bdd-vault-staging/pull/1
got git provider status pending from PR https://github.com/******************/environment-pr-64-2-bdd-vault-staging/pull/1
got git provider status pending from PR https://github.com/******************/environment-pr-64-2-bdd-vault-staging/pull/1
got git provider status pending from PR https://github.com/******************/environment-pr-64-2-bdd-vault-staging/pull/1
got git provider status pending from PR https://github.com/******************/environment-pr-64-2-bdd-vault-staging/pull/1
got git provider status pending from PR https://github.com/******************/environment-pr-64-2-bdd-vault-staging/pull/1
got git provider status pending from PR https://github.com/******************/environment-pr-64-2-bdd-vault-staging/pull/1
got git provider status pending from PR https://github.com/******************/environment-pr-64-2-bdd-vault-staging/pull/1
got git provider status pending from PR https://github.com/******************/environment-pr-64-2-bdd-vault-staging/pull/1
got git provider status pending from PR https://github.com/******************/environment-pr-64-2-bdd-vault-staging/pull/1
error: Timed out waiting for pull request https://github.com/******************/environment-pr-64-2-bdd-vault-staging/pull/1 to merge. Waited 1h0m0s
[31m
Pipeline failed on stage 'from-build-pack' : container 'step-promote-jx-promote'. The execution of the pipeline has stopped.[0m
